io_general.cc:18:704: warning: ISO C++ forbids converting a string constant to ‘char*’ [-Wwrite-strings]
 char *xqcd_type_dim_desc[N_MAX_DIMENSION_TYPES]={"other", "x", "y", "z", "t", "d", "c", "d2", "c2", "complex", "mass", "smear", "displacement", "s_01", "s_02", "s_03", "s_11", "s_12", "s_13", "d_01", "d_02", "d_03", "d_11", "d_12", "d_13", "conf", "operator", "momentum", "direction", "t2", "mass2", "column", "row", "temporary", "temporary2", "temporary3", "temporary4", "errorbar", "operator2", "param", "fit_left", "fit_right", "jackknife", "jackknife2", "jackknife3", "jackknife4", "summary", "channel", "channel2", "eigen", "d_row", "d_col", "c_row", "c_col", "parity", "noise", "evenodd", "disp_x", "disp_y", "disp_z", "disp_t", "t3", "t4", "t_source", "t_current", "t_sink","bootstrap", "nothing"};
                                                                                                                                                                                                                                                                                                                                                                                                                                                                                                                                                                                                                                                                                                                                ^
io_general.cc:18:704: warning: ISO C++ forbids converting a string constant to ‘char*’ [-Wwrite-strings]
io_general.cc:18:704: warning: ISO C++ forbids converting a string constant to ‘char*’ [-Wwrite-strings]
io_general.cc:18:704: warning: ISO C++ forbids converting a string constant to ‘char*’ [-Wwrite-strings]
io_general.cc:18:704: warning: ISO C++ forbids converting a string constant to ‘char*’ [-Wwrite-strings]
io_general.cc:18:704: warning: ISO C++ forbids converting a string constant to ‘char*’ [-Wwrite-strings]
io_general.cc:18:704: warning: ISO C++ forbids converting a string constant to ‘char*’ [-Wwrite-strings]
io_general.cc:18:704: warning: ISO C++ forbids converting a string constant to ‘char*’ [-Wwrite-strings]
io_general.cc:18:704: warning: ISO C++ forbids converting a string constant to ‘char*’ [-Wwrite-strings]
io_general.cc:18:704: warning: ISO C++ forbids converting a string constant to ‘char*’ [-Wwrite-strings]
io_general.cc:18:704: warning: ISO C++ forbids converting a string constant to ‘char*’ [-Wwrite-strings]
io_general.cc:18:704: warning: ISO C++ forbids converting a string constant to ‘char*’ [-Wwrite-strings]
io_general.cc:18:704: warning: ISO C++ forbids converting a string constant to ‘char*’ [-Wwrite-strings]
io_general.cc:18:704: warning: ISO C++ forbids converting a string constant to ‘char*’ [-Wwrite-strings]
io_general.cc:18:704: warning: ISO C++ forbids converting a string constant to ‘char*’ [-Wwrite-strings]
io_general.cc:18:704: warning: ISO C++ forbids converting a string constant to ‘char*’ [-Wwrite-strings]
io_general.cc:18:704: warning: ISO C++ forbids converting a string constant to ‘char*’ [-Wwrite-strings]
io_general.cc:18:704: warning: ISO C++ forbids converting a string constant to ‘char*’ [-Wwrite-strings]
io_general.cc:18:704: warning: ISO C++ forbids converting a string constant to ‘char*’ [-Wwrite-strings]
io_general.cc:18:704: warning: ISO C++ forbids converting a string constant to ‘char*’ [-Wwrite-strings]
io_general.cc:18:704: warning: ISO C++ forbids converting a string constant to ‘char*’ [-Wwrite-strings]
io_general.cc:18:704: warning: ISO C++ forbids converting a string constant to ‘char*’ [-Wwrite-strings]
io_general.cc:18:704: warning: ISO C++ forbids converting a string constant to ‘char*’ [-Wwrite-strings]
io_general.cc:18:704: warning: ISO C++ forbids converting a string constant to ‘char*’ [-Wwrite-strings]
io_general.cc:18:704: warning: ISO C++ forbids converting a string constant to ‘char*’ [-Wwrite-strings]
io_general.cc:18:704: warning: ISO C++ forbids converting a string constant to ‘char*’ [-Wwrite-strings]
io_general.cc:18:704: warning: ISO C++ forbids converting a string constant to ‘char*’ [-Wwrite-strings]
io_general.cc:18:704: warning: ISO C++ forbids converting a string constant to ‘char*’ [-Wwrite-strings]
io_general.cc:18:704: warning: ISO C++ forbids converting a string constant to ‘char*’ [-Wwrite-strings]
io_general.cc:18:704: warning: ISO C++ forbids converting a string constant to ‘char*’ [-Wwrite-strings]
io_general.cc:18:704: warning: ISO C++ forbids converting a string constant to ‘char*’ [-Wwrite-strings]
io_general.cc:18:704: warning: ISO C++ forbids converting a string constant to ‘char*’ [-Wwrite-strings]
io_general.cc:18:704: warning: ISO C++ forbids converting a string constant to ‘char*’ [-Wwrite-strings]
io_general.cc:18:704: warning: ISO C++ forbids converting a string constant to ‘char*’ [-Wwrite-strings]
io_general.cc:18:704: warning: ISO C++ forbids converting a string constant to ‘char*’ [-Wwrite-strings]
io_general.cc:18:704: warning: ISO C++ forbids converting a string constant to ‘char*’ [-Wwrite-strings]
io_general.cc:18:704: warning: ISO C++ forbids converting a string constant to ‘char*’ [-Wwrite-strings]
io_general.cc:18:704: warning: ISO C++ forbids converting a string constant to ‘char*’ [-Wwrite-strings]
io_general.cc:18:704: warning: ISO C++ forbids converting a string constant to ‘char*’ [-Wwrite-strings]
io_general.cc:18:704: warning: ISO C++ forbids converting a string constant to ‘char*’ [-Wwrite-strings]
io_general.cc:18:704: warning: ISO C++ forbids converting a string constant to ‘char*’ [-Wwrite-strings]
io_general.cc:18:704: warning: ISO C++ forbids converting a string constant to ‘char*’ [-Wwrite-strings]
io_general.cc:18:704: warning: ISO C++ forbids converting a string constant to ‘char*’ [-Wwrite-strings]
io_general.cc:18:704: warning: ISO C++ forbids converting a string constant to ‘char*’ [-Wwrite-strings]
io_general.cc:18:704: warning: ISO C++ forbids converting a string constant to ‘char*’ [-Wwrite-strings]
io_general.cc:18:704: warning: ISO C++ forbids converting a string constant to ‘char*’ [-Wwrite-strings]
io_general.cc:18:704: warning: ISO C++ forbids converting a string constant to ‘char*’ [-Wwrite-strings]
io_general.cc:18:704: warning: ISO C++ forbids converting a string constant to ‘char*’ [-Wwrite-strings]
io_general.cc:18:704: warning: ISO C++ forbids converting a string constant to ‘char*’ [-Wwrite-strings]
io_general.cc:18:704: warning: ISO C++ forbids converting a string constant to ‘char*’ [-Wwrite-strings]
io_general.cc:18:704: warning: ISO C++ forbids converting a string constant to ‘char*’ [-Wwrite-strings]
io_general.cc:18:704: warning: ISO C++ forbids converting a string constant to ‘char*’ [-Wwrite-strings]
io_general.cc:18:704: warning: ISO C++ forbids converting a string constant to ‘char*’ [-Wwrite-strings]
io_general.cc:18:704: warning: ISO C++ forbids converting a string constant to ‘char*’ [-Wwrite-strings]
io_general.cc:18:704: warning: ISO C++ forbids converting a string constant to ‘char*’ [-Wwrite-strings]
io_general.cc:18:704: warning: ISO C++ forbids converting a string constant to ‘char*’ [-Wwrite-strings]
io_general.cc:18:704: warning: ISO C++ forbids converting a string constant to ‘char*’ [-Wwrite-strings]
io_general.cc:18:704: warning: ISO C++ forbids converting a string constant to ‘char*’ [-Wwrite-strings]
io_general.cc:18:704: warning: ISO C++ forbids converting a string constant to ‘char*’ [-Wwrite-strings]
io_general.cc:18:704: warning: ISO C++ forbids converting a string constant to ‘char*’ [-Wwrite-strings]
io_general.cc:18:704: warning: ISO C++ forbids converting a string constant to ‘char*’ [-Wwrite-strings]
io_general.cc:18:704: warning: ISO C++ forbids converting a string constant to ‘char*’ [-Wwrite-strings]
io_general.cc:18:704: warning: ISO C++ forbids converting a string constant to ‘char*’ [-Wwrite-strings]
io_general.cc:18:704: warning: ISO C++ forbids converting a string constant to ‘char*’ [-Wwrite-strings]
io_general.cc:18:704: warning: ISO C++ forbids converting a string constant to ‘char*’ [-Wwrite-strings]
io_general.cc:18:704: warning: ISO C++ forbids converting a string constant to ‘char*’ [-Wwrite-strings]
io_general.cc:18:704: warning: ISO C++ forbids converting a string constant to ‘char*’ [-Wwrite-strings]
io_general.cc:18:704: warning: ISO C++ forbids converting a string constant to ‘char*’ [-Wwrite-strings]
io_general_class.cc: In member function ‘int general_data_base::aver_cfg_bin(general_data_base&, int)’:
io_general_class.cc:628:18: warning: control reaches end of non-void function [-Wreturn-type]
          res.aver(res,dim_conf);
          ~~~~~~~~^~~~~~~~~~~~~~
grid_source.cc: In member function ‘T Chroma::GridQuarkSourceConstEnv::SourceConst<T>::operator()(const QDP::multi1d<QDP::OLattice<QDP::PScalar<QDP::PColorMatrix<QDP::RComplex<float>, 3> > > >&) const [with T = QDP::OLattice<QDP::PSpinMatrix<QDP::PColorMatrix<QDP::RComplex<float>, 3>, 1> >]’:
grid_source.cc:352:5: warning: no return statement in function returning non-void [-Wreturn-type]
     }
     ^
